0 info it worked if it ends with ok
1 verbose cli [ 'E:\\nodejs\\node.exe',
1 verbose cli   'E:\\nodejs\\node_modules\\npm\\bin\\npm-cli.js',
1 verbose cli   'run',
1 verbose cli   'init' ]
2 info using npm@3.10.10
3 info using node@v6.11.4
4 warn invalid config loglevel="notice"
5 verbose run-script [ 'preinit', 'init', 'postinit' ]
6 info lifecycle webpack@1.0.0~preinit: webpack@1.0.0
7 silly lifecycle webpack@1.0.0~preinit: no script for preinit, continuing
8 info lifecycle webpack@1.0.0~init: webpack@1.0.0
9 verbose lifecycle webpack@1.0.0~init: unsafe-perm in lifecycle true
10 verbose lifecycle webpack@1.0.0~init: PATH: E:\nodejs\node_modules\npm\bin\node-gyp-bin;G:\webpack\test\node_modules\.bin;C:\Users\admin\AppData\Roaming\npm\node_modules\cnpm\node_modules\npm\bin\node-gyp-bin;G:\webpack\test\node_modules\.bin;C:\Windows\system32;C:\Program Files (x86)\Intel\iCLS Client\;C:\Program Files\Intel\iCLS Client\;C:\Windows;C:\Windows\System32\Wbem;C:\Windows\System32\WindowsPowerShell\v1.0\;C:\Program Files (x86)\Intel\Intel(R) Management Engine Components\DAL;C:\Program Files\Intel\Intel(R) Management Engine Components\DAL;C:\Program Files (x86)\Intel\Intel(R) Management Engine Components\IPT;C:\Program Files\Intel\Intel(R) Management Engine Components\IPT;C:\Program Files (x86)\NVIDIA Corporation\PhysX\Common;C:\Program Files (x86)\Common Files\microsoft shared\TigerKin;E:\nodejs\;D:\OpenVPN\bin;D:\bin;C:\Program Files\Git\cmd;;D:\Microsoft VS Code\bin;C:\Users\admin\AppData\Roaming\npm
11 verbose lifecycle webpack@1.0.0~init: CWD: G:\webpack\test
12 silly lifecycle webpack@1.0.0~init: Args: [ '/d /s /c',
12 silly lifecycle   'rimraf dist && webpack --progress --config webpack.build.config.js' ]
13 silly lifecycle webpack@1.0.0~init: Returned: code: 1  signal: null
14 info lifecycle webpack@1.0.0~init: Failed to exec init script
15 verbose stack Error: webpack@1.0.0 init: `rimraf dist && webpack --progress --config webpack.build.config.js`
15 verbose stack Exit status 1
15 verbose stack     at EventEmitter.<anonymous> (E:\nodejs\node_modules\npm\lib\utils\lifecycle.js:255:16)
15 verbose stack     at emitTwo (events.js:106:13)
15 verbose stack     at EventEmitter.emit (events.js:191:7)
15 verbose stack     at ChildProcess.<anonymous> (E:\nodejs\node_modules\npm\lib\utils\spawn.js:40:14)
15 verbose stack     at emitTwo (events.js:106:13)
15 verbose stack     at ChildProcess.emit (events.js:191:7)
15 verbose stack     at maybeClose (internal/child_process.js:920:16)
15 verbose stack     at Process.ChildProcess._handle.onexit (internal/child_process.js:230:5)
16 verbose pkgid webpack@1.0.0
17 verbose cwd G:\webpack\test
18 error Windows_NT 10.0.10586
19 error argv "E:\\nodejs\\node.exe" "E:\\nodejs\\node_modules\\npm\\bin\\npm-cli.js" "run" "init"
20 error node v6.11.4
21 error npm  v3.10.10
22 error code ELIFECYCLE
23 error webpack@1.0.0 init: `rimraf dist && webpack --progress --config webpack.build.config.js`
23 error Exit status 1
24 error Failed at the webpack@1.0.0 init script 'rimraf dist && webpack --progress --config webpack.build.config.js'.
24 error Make sure you have the latest version of node.js and npm installed.
24 error If you do, this is most likely a problem with the webpack package,
24 error not with npm itself.
24 error Tell the author that this fails on your system:
24 error     rimraf dist && webpack --progress --config webpack.build.config.js
24 error You can get information on how to open an issue for this project with:
24 error     npm bugs webpack
24 error Or if that isn't available, you can get their info via:
24 error     npm owner ls webpack
24 error There is likely additional logging output above.
25 verbose exit [ 1, true ]
